<?xml version="1.0" encoding="UTF-8"?>
<!-- Generated by org.testng.reporters.JUnitXMLReporter -->
<testsuite ignored="0" hostname="DESKTOP-T15INS2" failures="2" tests="2" name="Test" time="0.076" errors="0" timestamp="2021-11-10T17:12:26 IST">
  <testcase classname="maven.demo.Stock_demo" name="f10" time="0.011">
    <failure type="java.lang.Error" message="Unresolved compilation problems: 
	WebDriver cannot be resolved to a type
	The method getdriver(String, String) from the type browser_management refers to the missing type WebDriver
	PageFactory cannot be resolved
	By cannot be resolved
	By cannot be resolved
	Select cannot be resolved to a type
	Select cannot be resolved to a type
	By cannot be resolved
	Select cannot be resolved to a type
	Select cannot be resolved to a type
	By cannot be resolved
	Select cannot be resolved to a type
	Select cannot be resolved to a type
	By cannot be resolved
	Select cannot be resolved to a type
	Select cannot be resolved to a type
	By cannot be resolved
	Select cannot be resolved to a type
	Select cannot be resolved to a type
	By cannot be resolved
	Select cannot be resolved to a type
	Select cannot be resolved to a type
	By cannot be resolved
	Select cannot be resolved to a type
	Select cannot be resolved to a type
	By cannot be resolved
	Select cannot be resolved to a type
	Select cannot be resolved to a type
	By cannot be resolved
	Select cannot be resolved to a type
	Select cannot be resolved to a type
	By cannot be resolved
	By cannot be resolved
	WebElement cannot be resolved to a type
	By cannot be resolved
	Keys cannot be resolved to a variable
	By cannot be resolved
	WebElement cannot be resolved to a type
	By cannot be resolved
	Keys cannot be resolved to a variable
	By cannot be resolved
	WebElement cannot be resolved to a type
	By cannot be resolved
	Keys cannot be resolved to a variable
	By cannot be resolved
	By cannot be resolved
	By cannot be resolved
	By cannot be resolved
	By cannot be resolved
	By cannot be resolved
">
      <![CDATA[java.lang.Error: Unresolved compilation problems: 
WebDriver cannot be resolved to a type
The method getdriver(String, String) from the type browser_management refers to the missing type WebDriver
PageFactory cannot be resolved
By cannot be resolved
By cannot be resolved
Select cannot be resolved to a type
Select cannot be resolved to a type
By cannot be resolved
Select cannot be resolved to a type
Select cannot be resolved to a type
By cannot be resolved
Select cannot be resolved to a type
Select cannot be resolved to a type
By cannot be resolved
Select cannot be resolved to a type
Select cannot be resolved to a type
By cannot be resolved
Select cannot be resolved to a type
Select cannot be resolved to a type
By cannot be resolved
Select cannot be resolved to a type
Select cannot be resolved to a type
By cannot be resolved
Select cannot be resolved to a type
Select cannot be resolved to a type
By cannot be resolved
Select cannot be resolved to a type
Select cannot be resolved to a type
By cannot be resolved
Select cannot be resolved to a type
Select cannot be resolved to a type
By cannot be resolved
By cannot be resolved
WebElement cannot be resolved to a type
By cannot be resolved
Keys cannot be resolved to a variable
By cannot be resolved
WebElement cannot be resolved to a type
By cannot be resolved
Keys cannot be resolved to a variable
By cannot be resolved
WebElement cannot be resolved to a type
By cannot be resolved
Keys cannot be resolved to a variable
By cannot be resolved
By cannot be resolved
By cannot be resolved
By cannot be resolved
By cannot be resolved
By cannot be resolved

at maven.demo.Stock_demo.f10(Stock_demo.java:429)
at java.base/java.util.ArrayList.forEach(ArrayList.java:1511)
... Removed 27 stack frames]]>
    </failure>
  </testcase> <!-- f10 -->
  <testcase classname="maven.demo.Stock_demo" name="f9" time="0.003">
    <failure type="java.lang.Error" message="Unresolved compilation problems: 
	WebDriver cannot be resolved to a type
	The method getdriver(String, String) from the type browser_management refers to the missing type WebDriver
	PageFactory cannot be resolved
	By cannot be resolved
	By cannot be resolved
	By cannot be resolved
	Select cannot be resolved to a type
	Select cannot be resolved to a type
	By cannot be resolved
	Select cannot be resolved to a type
	Select cannot be resolved to a type
	By cannot be resolved
	Select cannot be resolved to a type
	Select cannot be resolved to a type
	By cannot be resolved
	By cannot be resolved
	By cannot be resolved
	Select cannot be resolved to a type
	Select cannot be resolved to a type
	By cannot be resolved
	By cannot be resolved
	By cannot be resolved
	By cannot be resolved
	By cannot be resolved
	By cannot be resolved
">
      <![CDATA[java.lang.Error: Unresolved compilation problems: 
WebDriver cannot be resolved to a type
The method getdriver(String, String) from the type browser_management refers to the missing type WebDriver
PageFactory cannot be resolved
By cannot be resolved
By cannot be resolved
By cannot be resolved
Select cannot be resolved to a type
Select cannot be resolved to a type
By cannot be resolved
Select cannot be resolved to a type
Select cannot be resolved to a type
By cannot be resolved
Select cannot be resolved to a type
Select cannot be resolved to a type
By cannot be resolved
By cannot be resolved
By cannot be resolved
Select cannot be resolved to a type
Select cannot be resolved to a type
By cannot be resolved
By cannot be resolved
By cannot be resolved
By cannot be resolved
By cannot be resolved
By cannot be resolved

at maven.demo.Stock_demo.f9(Stock_demo.java:377)
at java.base/java.util.ArrayList.forEach(ArrayList.java:1511)
... Removed 27 stack frames]]>
    </failure>
  </testcase> <!-- f9 -->
</testsuite> <!-- Test -->
