<?xml version="1.0" encoding="UTF-8"?>
<testsuite xmlns:xsi="http://www.w3.org/2001/XMLSchema-instance" xsi:noNamespaceSchemaLocation="https://maven.apache.org/surefire/maven-surefire-plugin/xsd/surefire-test-report-3.0.xsd" version="3.0" name="TestSuite" time="56.302" tests="1" errors="0" skipped="0" failures="0">
  <properties>
[...]
</properties>
  <testcase name="f" classname="maven.demo.Stock_demo" time="55.745">
    <system-out><![CDATA[password enteredbom1234
click login
]]></system-out>
    <system-err><![CDATA[Oct 11, 2021 4:13:50 PM org.openqa.selenium.remote.DesiredCapabilities firefox
INFO: Using `new FirefoxOptions()` is preferred to `DesiredCapabilities.firefox()`
1633949031335	geckodriver	INFO	Listening on 127.0.0.1:33639
1633949032098	mozrunner::runner	INFO	Running command: "C:\\Program Files\\Mozilla Firefox\\firefox.exe" "--marionette" "-foreground" "-no-remote" "-profile" "C:\\Users\\Nandz\\AppData\\Local\\Temp\\rust_mozprofile5fA9Mf"
1633949032821	Marionette	INFO	Marionette enabled
console.warn: SearchSettings: "get: No settings file exists, new profile?" (new Error("", "(unknown module)"))
1633949037318	Marionette	INFO	Listening on port 53084
1633949037532	Marionette	WARN	TLS certificate errors will be ignored for this session
Oct 11, 2021 4:13:57 PM org.openqa.selenium.remote.ProtocolHandshake createSession
INFO: Detected dialect: W3C
1633949084807	Marionette	INFO	Stopped listening on port 53084
[Parent 6524, IPC I/O Parent] WARNING: file /builds/worker/checkouts/gecko/ipc/chromium/src/base/process_util_win.cc:167

###!!! [Child][RunMessage] Error: Channel closing: too late to send/recv, messages will be lost

]]></system-err>
  </testcase>
</testsuite>