<?xml version="1.0" encoding="UTF-8"?>
<testng-results skipped="0" failed="0" ignored="0" total="1" passed="1">
  <reporter-output>
    <line>
      <![CDATA[password enteredbom1234]]>
    </line>
    <line>
      <![CDATA[click login]]>
    </line>
  </reporter-output>
  <suite name="Default suite" duration-ms="58959" started-at="2021-09-24T05:39:05Z" finished-at="2021-09-24T05:40:04Z">
    <groups>
    </groups>
    <test name="Default test" duration-ms="58959" started-at="2021-09-24T05:39:05Z" finished-at="2021-09-24T05:40:04Z">
      <class name="maven.demo.Stock_demo">
        <test-method status="PASS" signature="f()[pri:0, instance:maven.demo.Stock_demo@5649fd9b]" name="f" duration-ms="58921" started-at="2021-09-24T05:39:05Z" finished-at="2021-09-24T05:40:04Z">
          <reporter-output>
            <line>
              <![CDATA[password enteredbom1234]]>
            </line>
            <line>
              <![CDATA[click login]]>
            </line>
          </reporter-output>
        </test-method> <!-- f -->
      </class> <!-- maven.demo.Stock_demo -->
    </test> <!-- Default test -->
  </suite> <!-- Default suite -->
</testng-results>
